<?xml version="1.0" encoding="UTF-8"?>
<!-- Generated by org.testng.reporters.JUnitXMLReporter -->
<testsuite ignored="0" hostname="DESKTOP-ETHBOOO" failures="0" tests="5" name="Default test" time="339.964" errors="0" timestamp="2022-03-04T12:08:35 IST">
  <testcase classname="moneypurse.ShgReportsTest" name="memberReports" time="212.148"/>
  <testcase classname="moneypurse.ShgReportsTest" name="groupReports" time="32.549"/>
  <testcase classname="moneypurse.ShgReportsTest" name="bankBalance" time="13.353"/>
  <testcase classname="moneypurse.ShgReportsTest" name="bankTransactionSummary" time="13.435"/>
  <testcase classname="moneypurse.ShgReportsTest" name="financialStatement" time="68.378"/>
</testsuite> <!-- Default test -->
